Log file open, 04/23/19 19:08:44
LogWindows: Failed to load 'aqProf.dll' (GetLastError=126)
LogWindows: File 'aqProf.dll' does not exist
LogWindows: Failed to load 'VtuneApi.dll' (GetLastError=126)
LogWindows: File 'VtuneApi.dll' does not exist
LogWindows: Failed to load 'VtuneApi32e.dll' (GetLastError=126)
LogWindows: File 'VtuneApi32e.dll' does not exist
LogConsoleResponse: Display: Failed to find resolution value strings in scalability ini. Falling back to default.
LogInit: Display: Running engine for game: Shooter
LogPakFile: Registered encryption key '00000000000000000000000000000000': 0 pak files mounted, 0 remain pending
LogPlatformFile: Not using cached read wrapper
LogTaskGraph: Started task graph with 5 named threads and 23 total threads with 3 sets of task threads.
LogStats: Stats thread started at 0.295979
LogD3D11RHI: Loaded GFSDK_Aftermath_Lib.x64.dll
LogICUInternationalization: ICU TimeZone Detection - Raw Offset: -3:00, Platform Override: ''
LogPluginManager: Mounting plugin Paper2D
LogPluginManager: Mounting plugin AISupport
LogPluginManager: Mounting plugin LightPropagationVolume
LogPluginManager: Mounting plugin ActorLayerUtilities
LogPluginManager: Mounting plugin CLionSourceCodeAccess
LogPluginManager: Mounting plugin CodeLiteSourceCodeAccess
LogPluginManager: Mounting plugin GitSourceControl
LogPluginManager: Mounting plugin KDevelopSourceCodeAccess
LogPluginManager: Mounting plugin NullSourceCodeAccess
LogPluginManager: Mounting plugin PerforceSourceControl
LogPluginManager: Mounting plugin SubversionSourceControl
LogPluginManager: Mounting plugin UObjectPlugin
LogPluginManager: Mounting plugin VisualStudioCodeSourceCodeAccess
LogPluginManager: Mounting plugin VisualStudioSourceCodeAccess
LogPluginManager: Mounting plugin XCodeSourceCodeAccess
LogPluginManager: Mounting plugin AssetManagerEditor
LogPluginManager: Mounting plugin CryptoKeys
LogPluginManager: Mounting plugin DataValidation
LogPluginManager: Mounting plugin FacialAnimation
LogPluginManager: Mounting plugin GameplayTagsEditor
LogPluginManager: Mounting plugin MacGraphicsSwitching
LogPluginManager: Mounting plugin MeshEditor
LogPluginManager: Mounting plugin MobileLauncherProfileWizard
LogPluginManager: Mounting plugin PluginBrowser
LogPluginManager: Mounting plugin SpeedTreeImporter
LogPluginManager: Mounting plugin DatasmithContent
LogPluginManager: Mounting plugin VariantManagerContent
LogPluginManager: Mounting plugin AlembicImporter
LogPluginManager: Mounting plugin AppleImageUtils
LogPluginManager: Mounting plugin AppleVision
LogPluginManager: Mounting plugin BackChannel
LogPluginManager: Mounting plugin CharacterAI
LogPluginManager: Mounting plugin GeometryCache
LogPluginManager: Mounting plugin HTML5Networking
LogPluginManager: Mounting plugin ProxyLODPlugin
LogPluginManager: Mounting plugin MagicLeap
LogPluginManager: Mounting plugin MagicLeapMedia
LogPluginManager: Mounting plugin AndroidMedia
LogPluginManager: Mounting plugin AvfMedia
LogPluginManager: Mounting plugin ImgMedia
LogPluginManager: Mounting plugin LinearTimecode
LogPluginManager: Mounting plugin MediaCompositing
LogPluginManager: Mounting plugin MediaPlayerEditor
LogPluginManager: Mounting plugin WebMMedia
LogPluginManager: Mounting plugin WmfMedia
LogPluginManager: Mounting plugin TcpMessaging
LogPluginManager: Mounting plugin UdpMessaging
LogPluginManager: Mounting plugin ActorSequence
LogPluginManager: Mounting plugin LevelSequenceEditor
LogPluginManager: Mounting plugin MatineeToLevelSequence
LogPluginManager: Mounting plugin NetcodeUnitTest
LogPluginManager: Mounting plugin NUTUnrealEngine4
LogPluginManager: Mounting plugin OnlineSubsystemGooglePlay
LogPluginManager: Mounting plugin OnlineSubsystemIOS
LogPluginManager: Mounting plugin OnlineSubsystem
LogPluginManager: Mounting plugin OnlineSubsystemNull
LogPluginManager: Mounting plugin OnlineSubsystemUtils
LogPluginManager: Mounting plugin LauncherChunkInstaller
LogPluginManager: Mounting plugin AndroidDeviceProfileSelector
LogPluginManager: Mounting plugin AndroidMoviePlayer
LogPluginManager: Mounting plugin AndroidPermission
LogPluginManager: Mounting plugin AppleMoviePlayer
LogPluginManager: Mounting plugin ArchVisCharacter
LogPluginManager: Mounting plugin AudioCapture
LogPluginManager: Mounting plugin CableComponent
LogPluginManager: Mounting plugin CustomMeshComponent
LogPluginManager: Mounting plugin EditableMesh
LogPluginManager: Mounting plugin ExampleDeviceProfileSelector
LogPluginManager: Mounting plugin Firebase
LogPluginManager: Mounting plugin GoogleCloudMessaging
LogPluginManager: Mounting plugin IOSDeviceProfileSelector
LogPluginManager: Mounting plugin LinuxDeviceProfileSelector
LogPluginManager: Mounting plugin LocationServicesBPLibrary
LogPluginManager: Mounting plugin MobilePatchingUtils
LogPluginManager: Mounting plugin OculusVR
LogPluginManager: Mounting plugin PhysXVehicles
LogPluginManager: Mounting plugin ProceduralMeshComponent
LogPluginManager: Mounting plugin RuntimePhysXCooking
LogPluginManager: Mounting plugin SteamVR
LogPluginManager: Mounting plugin WebMMoviePlayer
LogPluginManager: Mounting plugin WindowsMoviePlayer
LogStreaming: Display: Took  0.523s to configure plugins.
LogInit: Using libcurl 7.55.1-DEV
LogInit:  - built for x86_64-pc-win32
LogInit:  - supports SSL with OpenSSL/1.0.2h
LogInit:  - supports HTTP deflate (compression) using libz 1.2.8
LogInit:  - other features:
LogInit:      CURL_VERSION_SSL
LogInit:      CURL_VERSION_LIBZ
LogInit:      CURL_VERSION_IPV6
LogInit:      CURL_VERSION_ASYNCHDNS
LogInit:      CURL_VERSION_LARGEFILE
LogInit:      CURL_VERSION_IDN
LogInit:  CurlRequestOptions (configurable via config and command line):
LogInit:  - bVerifyPeer = true  - Libcurl will verify peer certificate
LogInit:  - bUseHttpProxy = false  - Libcurl will NOT use HTTP proxy
LogInit:  - bDontReuseConnections = false  - Libcurl will reuse connections
LogInit:  - MaxHostConnections = 16  - Libcurl will limit the number of connections to a host
LogInit:  - LocalHostAddr = Default
LogInit:  - BufferSize = 65536
LogInit: WinSock: version 1.1 (2.2), MaxSocks=32767, MaxUdp=65467
LogInit: Build: ++UE4+Release-4.21-CL-4753647
LogInit: Engine Version: 4.21.2-4753647+++UE4+Release-4.21
LogInit: Compatible Engine Version: 4.21.0-4541578+++UE4+Release-4.21
LogInit: Net CL: 4541578
LogInit: OS: Windows 10 (), CPU: Intel(R) Core(TM) i7-4770S CPU @ 3.10GHz, GPU: Intel(R) HD Graphics 4600
LogInit: Compiled (64-bit): Jan 19 2019 02:07:31
LogInit: Compiled with Visual C++: 19.13.26129.00
LogInit: Build Configuration: Development
LogInit: Branch Name: ++UE4+Release-4.21
LogInit: Command Line: 
LogInit: Base Directory: C:/Program Files/Epic Games/UE_4.21/Engine/Binaries/Win64/
LogInit: Installed Engine Build: 1
LogDevObjectVersion: Number of dev versions registered: 22
LogDevObjectVersion:   Dev-Blueprints (B0D832E4-1F89-4F0D-ACCF-7EB736FD4AA2): 10
LogDevObjectVersion:   Dev-Build (E1C64328-A22C-4D53-A36C-8E866417BD8C): 0
LogDevObjectVersion:   Dev-Core (375EC13C-06E4-48FB-B500-84F0262A717E): 2
LogDevObjectVersion:   Dev-Editor (E4B068ED-F494-42E9-A231-DA0B2E46BB41): 26
LogDevObjectVersion:   Dev-Framework (CFFC743F-43B0-4480-9391-14DF171D2073): 34
LogDevObjectVersion:   Dev-Mobile (B02B49B5-BB20-44E9-A304-32B752E40360): 2
LogDevObjectVersion:   Dev-Networking (A4E4105C-59A1-49B5-A7C5-40C4547EDFEE): 0
LogDevObjectVersion:   Dev-Online (39C831C9-5AE6-47DC-9A44-9C173E1C8E7C): 0
LogDevObjectVersion:   Dev-Physics (78F01B33-EBEA-4F98-B9B4-84EACCB95AA2): 0
LogDevObjectVersion:   Dev-Platform (6631380F-2D4D-43E0-8009-CF276956A95A): 0
LogDevObjectVersion:   Dev-Rendering (12F88B9F-8875-4AFC-A67C-D90C383ABD29): 27
LogDevObjectVersion:   Dev-Sequencer (7B5AE74C-D270-4C10-A958-57980B212A5A): 9
LogDevObjectVersion:   Dev-VR (D7296918-1DD6-4BDD-9DE2-64A83CC13884): 2
LogDevObjectVersion:   Dev-LoadTimes (C2A15278-BFE7-4AFE-6C17-90FF531DF755): 1
LogDevObjectVersion:   Private-Geometry (6EACA3D4-40EC-4CC1-B786-8BED09428FC5): 3
LogDevObjectVersion:   Dev-AnimPhys (29E575DD-E0A3-4627-9D10-D276232CDCEA): 17
LogDevObjectVersion:   Dev-Anim (AF43A65D-7FD3-4947-9873-3E8ED9C1BB05): 2
LogDevObjectVersion:   Dev-ReflectionCapture (6B266CEC-1EC7-4B8F-A30B-E4D90942FC07): 1
LogDevObjectVersion:   Dev-Automation (0DF73D61-A23F-47EA-B727-89E90C41499A): 1
LogDevObjectVersion:   FortniteMain (601D1886-AC64-4F84-AA16-D3DE0DEAC7D6): 17
LogDevObjectVersion:   Dev-Enterprise (9DFFBCD6-494F-0158-E221-12823C92A888): 4
LogDevObjectVersion:   Dev-Niagara (F2AED0AC-9AFE-416F-8664-AA7FFA26D6FC): 1
LogStreaming: Display: Took  0.006s to delete old logs.
LogInit: Presizing for max 8388607 objects, including 0 objects not considered by GC, pre-allocating 0 bytes for permanent pool.
LogInit: Object subsystem initialized
LogConfig: Setting CVar [[con.DebugEarlyDefault:1]]
LogConfig: Setting CVar [[r.setres:1280x720]]
[2019.04.23-22.08.44:784][  0]LogConfig: Setting CVar [[r.VSync:0]]
[2019.04.23-22.08.44:784][  0]LogConfig: Setting CVar [[r.RHICmdBypass:0]]
[2019.04.23-22.08.44:784][  0]LogConfig: Applying CVar settings from Section [/Script/Engine.RendererSettings] File [F:/Shooter/Saved/Config/Windows/Engine.ini]
[2019.04.23-22.08.44:784][  0]LogConfig: Setting CVar [[r.GPUCrashDebugging:0]]
[2019.04.23-22.08.44:784][  0]LogConfig: Applying CVar settings from Section [/Script/Engine.RendererOverrideSettings] File [F:/Shooter/Saved/Config/Windows/Engine.ini]
[2019.04.23-22.08.44:784][  0]LogConfig: Applying CVar settings from Section [/Script/Engine.StreamingSettings] File [F:/Shooter/Saved/Config/Windows/Engine.ini]
[2019.04.23-22.08.44:784][  0]LogConfig: Setting CVar [[s.MinBulkDataSizeForAsyncLoading:131072]]
[2019.04.23-22.08.44:784][  0]LogConfig: Setting CVar [[s.AsyncLoadingThreadEnabled:0]]
[2019.04.23-22.08.44:784][  0]LogConfig: Setting CVar [[s.EventDrivenLoaderEnabled:1]]
[2019.04.23-22.08.44:784][  0]LogConfig: Setting CVar [[s.WarnIfTimeLimitExceeded:0]]
[2019.04.23-22.08.44:784][  0]LogConfig: Setting CVar [[s.TimeLimitExceededMultiplier:1.5]]
[2019.04.23-22.08.44:784][  0]LogConfig: Setting CVar [[s.TimeLimitExceededMinTime:0.005]]
[2019.04.23-22.08.44:784][  0]LogConfig: Setting CVar [[s.UseBackgroundLevelStreaming:1]]
[2019.04.23-22.08.44:784][  0]LogConfig: Setting CVar [[s.PriorityAsyncLoadingExtraTime:15.0]]
[2019.04.23-22.08.44:784][  0]LogConfig: Setting CVar [[s.LevelStreamingActorsUpdateTimeLimit:5.0]]
[2019.04.23-22.08.44:784][  0]LogConfig: Setting CVar [[s.PriorityLevelStreamingActorsUpdateExtraTime:5.0]]
[2019.04.23-22.08.44:784][  0]LogConfig: Setting CVar [[s.LevelStreamingComponentsRegistrationGranularity:10]]
[2019.04.23-22.08.44:784][  0]LogConfig: Setting CVar [[s.UnregisterComponentsTimeLimit:1.0]]
[2019.04.23-22.08.44:784][  0]LogConfig: Setting CVar [[s.LevelStreamingComponentsUnregistrationGranularity:5]]
[2019.04.23-22.08.44:784][  0]LogConfig: Applying CVar settings from Section [/Script/Engine.GarbageCollectionSettings] File [F:/Shooter/Saved/Config/Windows/Engine.ini]
[2019.04.23-22.08.44:784][  0]LogConfig: Setting CVar [[gc.MaxObjectsNotConsideredByGC:1]]
[2019.04.23-22.08.44:784][  0]LogConfig: Setting CVar [[gc.SizeOfPermanentObjectPool:0]]
[2019.04.23-22.08.44:784][  0]LogConfig: Setting CVar [[gc.FlushStreamingOnGC:0]]
[2019.04.23-22.08.44:784][  0]LogConfig: Setting CVar [[gc.NumRetriesBeforeForcingGC:10]]
[2019.04.23-22.08.44:785][  0]LogConfig: Setting CVar [[gc.AllowParallelGC:1]]
[2019.04.23-22.08.44:785][  0]LogConfig: Setting CVar [[gc.TimeBetweenPurgingPendingKillObjects:61.1]]
[2019.04.23-22.08.44:785][  0]LogConfig: Setting CVar [[gc.MaxObjectsInEditor:8388607]]
[2019.04.23-22.08.44:785][  0]LogConfig: Setting CVar [[gc.IncrementalBeginDestroyEnabled:1]]
[2019.04.23-22.08.44:785][  0]LogConfig: Setting CVar [[gc.CreateGCClusters:1]]
[2019.04.23-22.08.44:785][  0]LogConfig: Setting CVar [[gc.MergeGCClusters:0]]
[2019.04.23-22.08.44:785][  0]LogConfig: Setting CVar [[gc.MinGCClusterSize:5]]
[2019.04.23-22.08.44:785][  0]LogConfig: Setting CVar [[gc.ActorClusteringEnabled:0]]
[2019.04.23-22.08.44:785][  0]LogConfig: Setting CVar [[gc.BlueprintClusteringEnabled:0]]
[2019.04.23-22.08.44:785][  0]LogConfig: Setting CVar [[gc.UseDisregardForGCOnDedicatedServers:0]]
[2019.04.23-22.08.44:785][  0]LogConfig: Applying CVar settings from Section [/Script/Engine.NetworkSettings] File [F:/Shooter/Saved/Config/Windows/Engine.ini]
[2019.04.23-22.08.44:785][  0]LogConfig: Applying CVar settings from Section [/Script/UnrealEd.CookerSettings] File [F:/Shooter/Saved/Config/Windows/Engine.ini]
[2019.04.23-22.08.44:787][  0]LogConfig: Applying CVar settings from Section [ViewDistanceQuality@3] File [F:/Shooter/Saved/Config/Windows/Scalability.ini]
[2019.04.23-22.08.44:787][  0]LogConfig: Setting CVar [[r.SkeletalMeshLODBias:0]]
[2019.04.23-22.08.44:787][  0]LogConfig: Setting CVar [[r.ViewDistanceScale:1.0]]
[2019.04.23-22.08.44:787][  0]LogConfig: Applying CVar settings from Section [AntiAliasingQuality@3] File [F:/Shooter/Saved/Config/Windows/Scalability.ini]
[2019.04.23-22.08.44:787][  0]LogConfig: Setting CVar [[r.PostProcessAAQuality:4]]
[2019.04.23-22.08.44:787][  0]LogConfig: Applying CVar settings from Section [ShadowQuality@3] File [F:/Shooter/Saved/Config/Windows/Scalability.ini]
[2019.04.23-22.08.44:787][  0]LogConfig: Setting CVar [[r.LightFunctionQuality:1]]
[2019.04.23-22.08.44:787][  0]LogConfig: Setting CVar [[r.ShadowQuality:5]]
[2019.04.23-22.08.44:787][  0]LogConfig: Setting CVar [[r.Shadow.CSM.MaxCascades:10]]
[2019.04.23-22.08.44:787][  0]LogConfig: Setting CVar [[r.Shadow.MaxResolution:2048]]
[2019.04.23-22.08.44:787][  0]LogConfig: Setting CVar [[r.Shadow.MaxCSMResolution:2048]]
[2019.04.23-22.08.44:787][  0]LogConfig: Setting CVar [[r.Shadow.RadiusThreshold:0.01]]
[2019.04.23-22.08.44:787][  0]LogConfig: Setting CVar [[r.Shadow.DistanceScale:1.0]]
[2019.04.23-22.08.44:787][  0]LogConfig: Setting CVar [[r.Shadow.CSM.TransitionScale:1.0]]
[2019.04.23-22.08.44:787][  0]LogConfig: Setting CVar [[r.Shadow.PreShadowResolutionFactor:1.0]]
[2019.04.23-22.08.44:787][  0]LogConfig: Setting CVar [[r.DistanceFieldShadowing:1]]
[2019.04.23-22.08.44:787][  0]LogConfig: Setting CVar [[r.DistanceFieldAO:1]]
[2019.04.23-22.08.44:787][  0]LogConfig: Setting CVar [[r.AOQuality:2]]
[2019.04.23-22.08.44:787][  0]LogConfig: Setting CVar [[r.VolumetricFog:1]]
[2019.04.23-22.08.44:787][  0]LogConfig: Setting CVar [[r.VolumetricFog.GridPixelSize:8]]
[2019.04.23-22.08.44:787][  0]LogConfig: Setting CVar [[r.VolumetricFog.GridSizeZ:128]]
[2019.04.23-22.08.44:787][  0]LogConfig: Setting CVar [[r.VolumetricFog.HistoryMissSupersampleCount:4]]
[2019.04.23-22.08.44:787][  0]LogConfig: Setting CVar [[r.LightMaxDrawDistanceScale:1]]
[2019.04.23-22.08.44:787][  0]LogConfig: Setting CVar [[r.CapsuleShadows:1]]
[2019.04.23-22.08.44:787][  0]LogConfig: Applying CVar settings from Section [PostProcessQuality@3] File [F:/Shooter/Saved/Config/Windows/Scalability.ini]
[2019.04.23-22.08.44:787][  0]LogConfig: Setting CVar [[r.MotionBlurQuality:4]]
[2019.04.23-22.08.44:787][  0]LogConfig: Setting CVar [[r.AmbientOcclusionMipLevelFactor:0.4]]
[2019.04.23-22.08.44:787][  0]LogConfig: Setting CVar [[r.AmbientOcclusionMaxQuality:100]]
[2019.04.23-22.08.44:787][  0]LogConfig: Setting CVar [[r.AmbientOcclusionLevels:-1]]
[2019.04.23-22.08.44:787][  0]LogConfig: Setting CVar [[r.AmbientOcclusionRadiusScale:1.0]]
[2019.04.23-22.08.44:787][  0]LogConfig: Setting CVar [[r.DepthOfFieldQuality:2]]
[2019.04.23-22.08.44:787][  0]LogConfig: Setting CVar [[r.RenderTargetPoolMin:400]]
[2019.04.23-22.08.44:787][  0]LogConfig: Setting CVar [[r.LensFlareQuality:2]]
[2019.04.23-22.08.44:787][  0]LogConfig: Setting CVar [[r.SceneColorFringeQuality:1]]
[2019.04.23-22.08.44:787][  0]LogConfig: Setting CVar [[r.EyeAdaptationQuality:2]]
[2019.04.23-22.08.44:787][  0]LogConfig: Setting CVar [[r.BloomQuality:5]]
[2019.04.23-22.08.44:787][  0]LogConfig: Setting CVar [[r.FastBlurThreshold:100]]
[2019.04.23-22.08.44:787][  0]LogConfig: Setting CVar [[r.Upscale.Quality:3]]
[2019.04.23-22.08.44:787][  0]LogConfig: Setting CVar [[r.Tonemapper.GrainQuantization:1]]
[2019.04.23-22.08.44:787][  0]LogConfig: Setting CVar [[r.LightShaftQuality:1]]
[2019.04.23-22.08.44:787][  0]LogConfig: Setting CVar [[r.Filter.SizeScale:1]]
[2019.04.23-22.08.44:787][  0]LogConfig: Setting CVar [[r.Tonemapper.Quality:5]]
[2019.04.23-22.08.44:787][  0]LogConfig: Setting CVar [[r.DOF.Gather.AccumulatorQuality:1        ; higher gathering accumulator quality]]
[2019.04.23-22.08.44:787][  0]LogConfig: Setting CVar [[r.DOF.Gather.PostfilterMethod:1          ; Median3x3 postfilering method]]
[2019.04.23-22.08.44:787][  0]LogConfig: Setting CVar [[r.DOF.Gather.EnableBokehSettings:0       ; no bokeh simulation when gathering]]
[2019.04.23-22.08.44:787][  0]LogConfig: Setting CVar [[r.DOF.Gather.RingCount:4                 ; medium number of samples when gathering]]
[2019.04.23-22.08.44:787][  0]LogConfig: Setting CVar [[r.DOF.Scatter.ForegroundCompositing:1    ; additive foreground scattering]]
[2019.04.23-22.08.44:788][  0]LogConfig: Setting CVar [[r.DOF.Scatter.BackgroundCompositing:2    ; additive background scattering]]
[2019.04.23-22.08.44:788][  0]LogConfig: Setting CVar [[r.DOF.Scatter.EnableBokehSettings:1      ; bokeh simulation when scattering]]
[2019.04.23-22.08.44:788][  0]LogConfig: Setting CVar [[r.DOF.Scatter.MaxSpriteRatio:0.1         ; only a maximum of 10% of scattered bokeh]]
[2019.04.23-22.08.44:788][  0]LogConfig: Setting CVar [[r.DOF.Recombine.Quality:1                ; cheap slight out of focus]]
[2019.04.23-22.08.44:788][  0]LogConfig: Setting CVar [[r.DOF.Recombine.EnableBokehSettings:0    ; no bokeh simulation on slight out of focus]]
[2019.04.23-22.08.44:788][  0]LogConfig: Setting CVar [[r.DOF.TemporalAAQuality:1                ; more stable temporal accumulation]]
[2019.04.23-22.08.44:788][  0]LogConfig: Setting CVar [[r.DOF.Kernel.MaxForegroundRadius:0.025]]
[2019.04.23-22.08.44:788][  0]LogConfig: Setting CVar [[r.DOF.Kernel.MaxBackgroundRadius:0.025]]
[2019.04.23-22.08.44:788][  0]LogConfig: Applying CVar settings from Section [TextureQuality@3] File [F:/Shooter/Saved/Config/Windows/Scalability.ini]
[2019.04.23-22.08.44:788][  0]LogConfig: Setting CVar [[r.Streaming.MipBias:0]]
[2019.04.23-22.08.44:788][  0]LogConfig: Setting CVar [[r.Streaming.AmortizeCPUToGPUCopy:0]]
[2019.04.23-22.08.44:788][  0]LogConfig: Setting CVar [[r.Streaming.MaxNumTexturesToStreamPerFrame:0]]
[2019.04.23-22.08.44:788][  0]LogConfig: Setting CVar [[r.Streaming.Boost:1]]
[2019.04.23-22.08.44:788][  0]LogConfig: Setting CVar [[r.MaxAnisotropy:8]]
[2019.04.23-22.08.44:788][  0]LogConfig: Setting CVar [[r.Streaming.LimitPoolSizeToVRAM:0]]
[2019.04.23-22.08.44:788][  0]LogConfig: Setting CVar [[r.Streaming.PoolSize:1000]]
[2019.04.23-22.08.44:788][  0]LogConfig: Setting CVar [[r.Streaming.MaxEffectiveScreenSize:0]]
[2019.04.23-22.08.44:788][  0]LogConfig: Applying CVar settings from Section [EffectsQuality@3] File [F:/Shooter/Saved/Config/Windows/Scalability.ini]
[2019.04.23-22.08.44:788][  0]LogConfig: Setting CVar [[r.TranslucencyLightingVolumeDim:64]]
[2019.04.23-22.08.44:788][  0]LogConfig: Setting CVar [[r.RefractionQuality:2]]
[2019.04.23-22.08.44:788][  0]LogConfig: Setting CVar [[r.SSR.Quality:3]]
[2019.04.23-22.08.44:788][  0]LogConfig: Setting CVar [[r.SceneColorFormat:4]]
[2019.04.23-22.08.44:788][  0]LogConfig: Setting CVar [[r.DetailMode:2]]
[2019.04.23-22.08.44:788][  0]LogConfig: Setting CVar [[r.TranslucencyVolumeBlur:1]]
[2019.04.23-22.08.44:788][  0]LogConfig: Setting CVar [[r.MaterialQualityLevel:1 ; High quality]]
[2019.04.23-22.08.44:788][  0]LogConfig: Setting CVar [[r.SSS.Scale:1]]
[2019.04.23-22.08.44:788][  0]LogConfig: Setting CVar [[r.SSS.SampleSet:2]]
[2019.04.23-22.08.44:788][  0]LogConfig: Setting CVar [[r.SSS.Quality:1]]
[2019.04.23-22.08.44:788][  0]LogConfig: Setting CVar [[r.SSS.HalfRes:1]]
[2019.04.23-22.08.44:788][  0]LogConfig: Setting CVar [[r.EmitterSpawnRateScale:1.0]]
[2019.04.23-22.08.44:788][  0]LogConfig: Setting CVar [[r.ParticleLightQuality:2]]
[2019.04.23-22.08.44:788][  0]LogConfig: Applying CVar settings from Section [FoliageQuality@3] File [F:/Shooter/Saved/Config/Windows/Scalability.ini]
[2019.04.23-22.08.44:788][  0]LogConfig: Setting CVar [[foliage.DensityScale:1.0]]
[2019.04.23-22.08.44:788][  0]LogConfig: Setting CVar [[grass.DensityScale:1.0]]
[2019.04.23-22.08.44:788][  0]LogInit: Selected Device Profile: [Windows]
[2019.04.23-22.08.44:788][  0]LogInit: Applying CVar settings loaded from the selected device profile: [Windows]
[2019.04.23-22.08.45:071][  0]LogHAL: Display: Platform has ~ 16 GB [17088593920 / 17179869184 / 16], which maps to Larger [LargestMinGB=32, LargerMinGB=12, DefaultMinGB=8, SmallerMinGB=6, SmallestMinGB=0)
[2019.04.23-22.08.45:071][  0]LogConfig: Setting CVar [[r.Vulkan.UseRealUBs:1]]
[2019.04.23-22.08.45:071][  0]LogInit: Going up to parent DeviceProfile []
[2019.04.23-22.08.45:071][  0]LogConfig: Applying CVar settings from Section [ViewDistanceQuality@3] File [F:/Shooter/Saved/Config/Windows/Scalability.ini]
[2019.04.23-22.08.45:071][  0]LogConfig: Setting CVar [[r.SkeletalMeshLODBias:0]]
[2019.04.23-22.08.45:071][  0]LogConfig: Setting CVar [[r.ViewDistanceScale:1.0]]
[2019.04.23-22.08.45:071][  0]LogConfig: Applying CVar settings from Section [AntiAliasingQuality@3] File [F:/Shooter/Saved/Config/Windows/Scalability.ini]
[2019.04.23-22.08.45:071][  0]LogConfig: Setting CVar [[r.PostProcessAAQuality:4]]
[2019.04.23-22.08.45:071][  0]LogConfig: Applying CVar settings from Section [ShadowQuality@3] File [F:/Shooter/Saved/Config/Windows/Scalability.ini]
[2019.04.23-22.08.45:071][  0]LogConfig: Setting CVar [[r.LightFunctionQuality:1]]
[2019.04.23-22.08.45:071][  0]LogConfig: Setting CVar [[r.ShadowQuality:5]]
[2019.04.23-22.08.45:071][  0]LogConfig: Setting CVar [[r.Shadow.CSM.MaxCascades:10]]
[2019.04.23-22.08.45:071][  0]LogConfig: Setting CVar [[r.Shadow.MaxResolution:2048]]
[2019.04.23-22.08.45:071][  0]LogConfig: Setting CVar [[r.Shadow.MaxCSMResolution:2048]]
[2019.04.23-22.08.45:071][  0]LogConfig: Setting CVar [[r.Shadow.RadiusThreshold:0.01]]
[2019.04.23-22.08.45:071][  0]LogConfig: Setting CVar [[r.Shadow.DistanceScale:1.0]]
[2019.04.23-22.08.45:071][  0]LogConfig: Setting CVar [[r.Shadow.CSM.TransitionScale:1.0]]
[2019.04.23-22.08.45:071][  0]LogConfig: Setting CVar [[r.Shadow.PreShadowResolutionFactor:1.0]]
[2019.04.23-22.08.45:071][  0]LogConfig: Setting CVar [[r.DistanceFieldShadowing:1]]
[2019.04.23-22.08.45:071][  0]LogConfig: Setting CVar [[r.DistanceFieldAO:1]]
[2019.04.23-22.08.45:072][  0]LogConfig: Setting CVar [[r.AOQuality:2]]
[2019.04.23-22.08.45:072][  0]LogConfig: Setting CVar [[r.VolumetricFog:1]]
[2019.04.23-22.08.45:072][  0]LogConfig: Setting CVar [[r.VolumetricFog.GridPixelSize:8]]
[2019.04.23-22.08.45:072][  0]LogConfig: Setting CVar [[r.VolumetricFog.GridSizeZ:128]]
[2019.04.23-22.08.45:072][  0]LogConfig: Setting CVar [[r.VolumetricFog.HistoryMissSupersampleCount:4]]
[2019.04.23-22.08.45:072][  0]LogConfig: Setting CVar [[r.LightMaxDrawDistanceScale:1]]
[2019.04.23-22.08.45:072][  0]LogConfig: Setting CVar [[r.CapsuleShadows:1]]
[2019.04.23-22.08.45:072][  0]LogConfig: Applying CVar settings from Section [PostProcessQuality@3] File [F:/Shooter/Saved/Config/Windows/Scalability.ini]
[2019.04.23-22.08.45:072][  0]LogConfig: Setting CVar [[r.MotionBlurQuality:4]]
[2019.04.23-22.08.45:072][  0]LogConfig: Setting CVar [[r.AmbientOcclusionMipLevelFactor:0.4]]
[2019.04.23-22.08.45:072][  0]LogConfig: Setting CVar [[r.AmbientOcclusionMaxQuality:100]]
[2019.04.23-22.08.45:072][  0]LogConfig: Setting CVar [[r.AmbientOcclusionLevels:-1]]
[2019.04.23-22.08.45:072][  0]LogConfig: Setting CVar [[r.AmbientOcclusionRadiusScale:1.0]]
[2019.04.23-22.08.45:072][  0]LogConfig: Setting CVar [[r.DepthOfFieldQuality:2]]
[2019.04.23-22.08.45:072][  0]LogConfig: Setting CVar [[r.RenderTargetPoolMin:400]]
[2019.04.23-22.08.45:072][  0]LogConfig: Setting CVar [[r.LensFlareQuality:2]]
[2019.04.23-22.08.45:072][  0]LogConfig: Setting CVar [[r.SceneColorFringeQuality:1]]
[2019.04.23-22.08.45:072][  0]LogConfig: Setting CVar [[r.EyeAdaptationQuality:2]]
[2019.04.23-22.08.45:072][  0]LogConfig: Setting CVar [[r.BloomQuality:5]]
[2019.04.23-22.08.45:072][  0]LogConfig: Setting CVar [[r.FastBlurThreshold:100]]
[2019.04.23-22.08.45:072][  0]LogConfig: Setting CVar [[r.Upscale.Quality:3]]
[2019.04.23-22.08.45:072][  0]LogConfig: Setting CVar [[r.Tonemapper.GrainQuantization:1]]
[2019.04.23-22.08.45:072][  0]LogConfig: Setting CVar [[r.LightShaftQuality:1]]
[2019.04.23-22.08.45:072][  0]LogConfig: Setting CVar [[r.Filter.SizeScale:1]]
[2019.04.23-22.08.45:072][  0]LogConfig: Setting CVar [[r.Tonemapper.Quality:5]]
[2019.04.23-22.08.45:072][  0]LogConfig: Setting CVar [[r.DOF.Gather.AccumulatorQuality:1        ; higher gathering accumulator quality]]
[2019.04.23-22.08.45:072][  0]LogConfig: Setting CVar [[r.DOF.Gather.PostfilterMethod:1          ; Median3x3 postfilering method]]
[2019.04.23-22.08.45:072][  0]LogConfig: Setting CVar [[r.DOF.Gather.EnableBokehSettings:0       ; no bokeh simulation when gathering]]
[2019.04.23-22.08.45:072][  0]LogConfig: Setting CVar [[r.DOF.Gather.RingCount:4                 ; medium number of samples when gathering]]
[2019.04.23-22.08.45:072][  0]LogConfig: Setting CVar [[r.DOF.Scatter.ForegroundCompositing:1    ; additive foreground scattering]]
[2019.04.23-22.08.45:072][  0]LogConfig: Setting CVar [[r.DOF.Scatter.BackgroundCompositing:2    ; additive background scattering]]
[2019.04.23-22.08.45:072][  0]LogConfig: Setting CVar [[r.DOF.Scatter.EnableBokehSettings:1      ; bokeh simulation when scattering]]
[2019.04.23-22.08.45:072][  0]LogConfig: Setting CVar [[r.DOF.Scatter.MaxSpriteRatio:0.1         ; only a maximum of 10% of scattered bokeh]]
[2019.04.23-22.08.45:072][  0]LogConfig: Setting CVar [[r.DOF.Recombine.Quality:1                ; cheap slight out of focus]]
[2019.04.23-22.08.45:072][  0]LogConfig: Setting CVar [[r.DOF.Recombine.EnableBokehSettings:0    ; no bokeh simulation on slight out of focus]]
[2019.04.23-22.08.45:072][  0]LogConfig: Setting CVar [[r.DOF.TemporalAAQuality:1                ; more stable temporal accumulation]]
[2019.04.23-22.08.45:072][  0]LogConfig: Setting CVar [[r.DOF.Kernel.MaxForegroundRadius:0.025]]
[2019.04.23-22.08.45:072][  0]LogConfig: Setting CVar [[r.DOF.Kernel.MaxBackgroundRadius:0.025]]
[2019.04.23-22.08.45:072][  0]LogConfig: Applying CVar settings from Section [TextureQuality@3] File [F:/Shooter/Saved/Config/Windows/Scalability.ini]
[2019.04.23-22.08.45:072][  0]LogConfig: Setting CVar [[r.Streaming.MipBias:0]]
[2019.04.23-22.08.45:072][  0]LogConfig: Setting CVar [[r.Streaming.AmortizeCPUToGPUCopy:0]]
[2019.04.23-22.08.45:072][  0]LogConfig: Setting CVar [[r.Streaming.MaxNumTexturesToStreamPerFrame:0]]
[2019.04.23-22.08.45:072][  0]LogConfig: Setting CVar [[r.Streaming.Boost:1]]
[2019.04.23-22.08.45:072][  0]LogConfig: Setting CVar [[r.MaxAnisotropy:8]]
[2019.04.23-22.08.45:072][  0]LogConfig: Setting CVar [[r.Streaming.LimitPoolSizeToVRAM:0]]
[2019.04.23-22.08.45:072][  0]LogConfig: Setting CVar [[r.Streaming.PoolSize:1000]]
[2019.04.23-22.08.45:072][  0]LogConfig: Setting CVar [[r.Streaming.MaxEffectiveScreenSize:0]]
[2019.04.23-22.08.45:072][  0]LogConfig: Applying CVar settings from Section [EffectsQuality@3] File [F:/Shooter/Saved/Config/Windows/Scalability.ini]
[2019.04.23-22.08.45:072][  0]LogConfig: Setting CVar [[r.TranslucencyLightingVolumeDim:64]]
[2019.04.23-22.08.45:072][  0]LogConfig: Setting CVar [[r.RefractionQuality:2]]
[2019.04.23-22.08.45:072][  0]LogConfig: Setting CVar [[r.SSR.Quality:3]]
[2019.04.23-22.08.45:072][  0]LogConfig: Setting CVar [[r.SceneColorFormat:4]]
[2019.04.23-22.08.45:072][  0]LogConfig: Setting CVar [[r.DetailMode:2]]
[2019.04.23-22.08.45:072][  0]LogConfig: Setting CVar [[r.TranslucencyVolumeBlur:1]]
[2019.04.23-22.08.45:072][  0]LogConfig: Setting CVar [[r.MaterialQualityLevel:1 ; High quality]]
[2019.04.23-22.08.45:072][  0]LogConfig: Setting CVar [[r.SSS.Scale:1]]
[2019.04.23-22.08.45:072][  0]LogConfig: Setting CVar [[r.SSS.SampleSet:2]]
[2019.04.23-22.08.45:072][  0]LogConfig: Setting CVar [[r.SSS.Quality:1]]
[2019.04.23-22.08.45:072][  0]LogConfig: Setting CVar [[r.SSS.HalfRes:1]]
[2019.04.23-22.08.45:072][  0]LogConfig: Setting CVar [[r.EmitterSpawnRateScale:1.0]]
[2019.04.23-22.08.45:072][  0]LogConfig: Setting CVar [[r.ParticleLightQuality:2]]
[2019.04.23-22.08.45:072][  0]LogConfig: Applying CVar settings from Section [FoliageQuality@3] File [F:/Shooter/Saved/Config/Windows/Scalability.ini]
[2019.04.23-22.08.45:072][  0]LogConfig: Setting CVar [[foliage.DensityScale:1.0]]
[2019.04.23-22.08.45:072][  0]LogConfig: Setting CVar [[grass.DensityScale:1.0]]
[2019.04.23-22.08.45:072][  0]LogConfig: Applying CVar settings from Section [Startup] File [../../../Engine/Config/ConsoleVariables.ini]
[2019.04.23-22.08.45:072][  0]LogConfig: Setting CVar [[net.UseAdaptiveNetUpdateFrequency:0]]
[2019.04.23-22.08.45:072][  0]LogConfig: Applying CVar settings from Section [ConsoleVariables] File [F:/Shooter/Saved/Config/Windows/Engine.ini]
[2019.04.23-22.08.45:073][  0]LogInit: Computer: LF104M08-72105
[2019.04.23-22.08.45:073][  0]LogInit: User: Aluno
[2019.04.23-22.08.45:073][  0]LogInit: CPU Page size=4096, Cores=4
[2019.04.23-22.08.45:073][  0]LogInit: High frequency timer resolution =10.000000 MHz
[2019.04.23-22.08.45:073][  0]LogMemory: Memory total: Physical=15.9GB (16GB approx)
[2019.04.23-22.08.45:073][  0]LogMemory: Platform Memory Stats for Windows
[2019.04.23-22.08.45:073][  0]LogMemory: Process Physical Memory: 101.92 MB used, 101.92 MB peak
[2019.04.23-22.08.45:073][  0]LogMemory: Process Virtual Memory: 91.32 MB used, 91.32 MB peak
[2019.04.23-22.08.45:073][  0]LogMemory: Physical Memory: 4045.70 MB used,  12251.25 MB free, 16296.95 MB total
[2019.04.23-22.08.45:073][  0]LogMemory: Virtual Memory: 4648.84 MB used,  134213080.00 MB free, 134217728.00 MB total
[2019.04.23-22.08.45:090][  0]LogInit: Using OS detected language (pt-BR).
[2019.04.23-22.08.45:090][  0]LogInit: Using OS detected locale (pt-BR).
[2019.04.23-22.08.45:479][  0]LogStreaming: Display: Took  0.388s to InitEngineTextLocalization.
[2019.04.23-22.08.45:479][  0]LogInit: Setting process to per monitor DPI aware
[2019.04.23-22.08.45:529][  0]LogSlate: New Slate User Created.  User Index 0, Is Virtual User: 0
[2019.04.23-22.08.45:529][  0]LogSlate: Slate User Registered.  User Index 0, Is Virtual User: 0
[2019.04.23-22.08.45:702][  0]LogHMD: Failed to initialize OpenVR with code 110
[2019.04.23-22.08.45:702][  0]LogD3D11RHI: D3D11 adapters:
[2019.04.23-22.08.45:709][  0]LogD3D11RHI:    0. 'Intel(R) HD Graphics 4600' (Feature Level 11_0)
[2019.04.23-22.08.45:709][  0]LogD3D11RHI:       112/0/2048 MB DedicatedVideo/DedicatedSystem/SharedSystem, Outputs:1, VendorId:0x8086
[2019.04.23-22.08.45:712][  0]LogD3D11RHI:    1. 'Microsoft Basic Render Driver' (Feature Level 11_0)
[2019.04.23-22.08.45:712][  0]LogD3D11RHI:       0/0/8148 MB DedicatedVideo/DedicatedSystem/SharedSystem, Outputs:0, VendorId:0x1414
[2019.04.23-22.08.45:712][  0]LogD3D11RHI: Chosen D3D11 Adapter: 0
[2019.04.23-22.08.45:717][  0]LogD3D11RHI: Creating new Direct3DDevice
[2019.04.23-22.08.45:717][  0]LogD3D11RHI:     GPU DeviceId: 0x412 (for the marketing name, search the web for "GPU Device Id")
[2019.04.23-22.08.45:717][  0]LogWindows: EnumDisplayDevices:
[2019.04.23-22.08.45:717][  0]LogWindows:    0. 'Intel(R) HD Graphics 4600' (P:1 D:1)
[2019.04.23-22.08.45:717][  0]LogWindows:    1. 'Intel(R) HD Graphics 4600' (P:0 D:0)
[2019.04.23-22.08.45:718][  0]LogWindows: DebugString: FoundDriverCount:2 
[2019.04.23-22.08.45:718][  0]LogD3D11RHI:     Adapter Name: Intel(R) HD Graphics 4600
[2019.04.23-22.08.45:718][  0]LogD3D11RHI:   Driver Version: 20.19.15.4549 (internal:20.19.15.4549, unified:20.19.15.4549)
[2019.04.23-22.08.45:718][  0]LogD3D11RHI:      Driver Date: 11-10-2016
[2019.04.23-22.08.45:718][  0]LogRHI: Texture pool is 795 MB (70% of 1136 MB)
[2019.04.23-22.08.45:736][  0]LogD3D11RHI: [IntelMetricsDiscovery] Started
[2019.04.23-22.08.45:736][  0]LogD3D11RHI: Async texture creation enabled
[2019.04.23-22.08.45:742][  0]LogD3D11RHI: GPU Timing Frequency: 12.500000 (Debug: 2 0)
[2019.04.23-22.08.47:904][  0]LogTemp: Display: Loaded TP AllDesktopTargetPlatform
[2019.04.23-22.08.47:918][  0]LogTemp: Display: Loaded TP MacClientTargetPlatform
[2019.04.23-22.08.47:931][  0]LogTemp: Display: Loaded TP MacNoEditorTargetPlatform
[2019.04.23-22.08.47:945][  0]LogTemp: Display: Loaded TP MacServerTargetPlatform
[2019.04.23-22.08.47:971][  0]LogTemp: Display: Loaded TP MacTargetPlatform
[2019.04.23-22.08.47:986][  0]LogTemp: Display: Loaded TP WindowsClientTargetPlatform
[2019.04.23-22.08.47:999][  0]LogTemp: Display: Loaded TP WindowsNoEditorTargetPlatform
[2019.04.23-22.08.48:012][  0]LogTemp: Display: Loaded TP WindowsServerTargetPlatform
[2019.04.23-22.08.48:019][  0]LogTemp: Display: Loaded TP WindowsTargetPlatform
[2019.04.23-22.08.48:119][  0]LogTemp: Display: Loaded TP AndroidTargetPlatform
[2019.04.23-22.08.48:119][  0]LogTemp: Display: Loaded TP AndroidTargetPlatform
[2019.04.23-22.08.48:119][  0]LogTemp: Display: Loaded TP AndroidTargetPlatform
[2019.04.23-22.08.48:119][  0]LogTemp: Display: Loaded TP AndroidTargetPlatform
[2019.04.23-22.08.48:119][  0]LogTemp: Display: Loaded TP AndroidTargetPlatform
[2019.04.23-22.08.48:119][  0]LogTemp: Display: Loaded TP AndroidTargetPlatform
[2019.04.23-22.08.48:119][  0]LogTemp: Display: Loaded TP AndroidTargetPlatform
[2019.04.23-22.08.48:119][  0]LogTemp: Display: Loaded TP AndroidTargetPlatform
[2019.04.23-22.08.48:119][  0]LogTemp: Display: Loaded TP AndroidTargetPlatform
[2019.04.23-22.08.48:119][  0]LogTemp: Display: Loaded TP AndroidTargetPlatform
[2019.04.23-22.08.48:119][  0]LogTemp: Display: Loaded TP AndroidTargetPlatform
[2019.04.23-22.08.48:119][  0]LogTemp: Display: Loaded TP AndroidTargetPlatform
[2019.04.23-22.08.48:119][  0]LogTemp: Display: Loaded TP AndroidTargetPlatform
[2019.04.23-22.08.48:119][  0]LogTemp: Display: Loaded TP AndroidTargetPlatform
[2019.04.23-22.08.48:119][  0]LogTemp: Display: Loaded TP AndroidTargetPlatform
[2019.04.23-22.08.48:119][  0]LogTemp: Display: Loaded TP AndroidTargetPlatform
[2019.04.23-22.08.48:119][  0]LogTemp: Display: Loaded TP AndroidTargetPlatform
[2019.04.23-22.08.48:119][  0]LogTemp: Display: Loaded TP AndroidTargetPlatform
[2019.04.23-22.08.48:121][  0]LogTemp: Display: Loaded TP HTML5TargetPlatform
[2019.04.23-22.08.48:181][  0]LogTemp: Display: Loaded TP IOSTargetPlatform
[2019.04.23-22.08.48:181][  0]LogTemp: Display: Loaded TP IOSTargetPlatform
[2019.04.23-22.08.48:203][  0]LogTemp: Display: Loaded TP TVOSTargetPlatform
[2019.04.23-22.08.48:203][  0]LogTemp: Display: Loaded TP TVOSTargetPlatform
[2019.04.23-22.08.48:215][  0]LogTemp: Display: Loaded TP LinuxClientTargetPlatform
[2019.04.23-22.08.48:227][  0]LogTemp: Display: Loaded TP LinuxNoEditorTargetPlatform
[2019.04.23-22.08.48:245][  0]LogTemp: Display: Loaded TP LinuxServerTargetPlatform
[2019.04.23-22.08.48:267][  0]LogTemp: Display: Loaded TP LinuxTargetPlatform
[2019.04.23-22.08.48:314][  0]LogTemp: Display: Loaded TP LuminTargetPlatform
[2019.04.23-22.08.48:314][  0]LogTemp: Display: Loaded TP LuminTargetPlatform
[2019.04.23-22.08.48:314][  0]LogTargetPlatformManager: Display: Building Assets For Windows
[2019.04.23-22.08.48:377][  0]LogShaderCompilers: Guid format shader working directory is 36 characters bigger than the processId version (F:/Shooter/Intermediate/Shaders/WorkingDirectory/2576/).
[2019.04.23-22.08.48:377][  0]LogShaderCompilers: Cleaned the shader compiler working directory 'C:/Users/Aluno/AppData/Local/Temp/UnrealShaderWorkingDir/86BA5C634CFCD083D93F339C275C8276/'.
[2019.04.23-22.08.48:380][  0]LogXGEController: Cannot use XGE Controller as Incredibuild is not installed on this machine.
[2019.04.23-22.08.48:380][  0]LogShaderCompilers: Cannot use XGE Shader Compiler as Incredibuild is not installed on this machine.
[2019.04.23-22.08.48:380][  0]LogShaderCompilers: Display: Using Local Shader Compiler.
[2019.04.23-22.08.48:933][  0]LogDerivedDataCache: Display: Max Cache Size: 512 MB
[2019.04.23-22.08.48:999][  0]LogDerivedDataCache: Loaded boot cache 0.07s 86MB C:/Users/Aluno/AppData/Local/UnrealEngine/4.21/DerivedDataCache/Boot.ddc.
[2019.04.23-22.08.48:999][  0]LogDerivedDataCache: Display: Loaded Boot cache: C:/Users/Aluno/AppData/Local/UnrealEngine/4.21/DerivedDataCache/Boot.ddc
[2019.04.23-22.08.48:999][  0]LogDerivedDataCache: FDerivedDataBackendGraph:  Pak pak cache file F:/Shooter/DerivedDataCache/DDC.ddp not found, will not use a pak cache.
[2019.04.23-22.08.48:999][  0]LogDerivedDataCache: Unable to find inner node Pak for hierarchical cache Hierarchy.
[2019.04.23-22.08.48:999][  0]LogDerivedDataCache: FDerivedDataBackendGraph:  CompressedPak pak cache file F:/Shooter/DerivedDataCache/Compressed.ddp not found, will not use a pak cache.
[2019.04.23-22.08.48:999][  0]LogDerivedDataCache: Unable to find inner node CompressedPak for hierarchical cache Hierarchy.
[2019.04.23-22.08.49:012][  0]LogDerivedDataCache: Display: Pak cache opened for reading ../../../Engine/DerivedDataCache/Compressed.ddp.
[2019.04.23-22.08.49:012][  0]LogDerivedDataCache: FDerivedDataBackendGraph:  EnterprisePak pak cache file ../../../Enterprise/DerivedDataCache/Compressed.ddp not found, will not use a pak cache.
[2019.04.23-22.08.49:012][  0]LogDerivedDataCache: Unable to find inner node EnterprisePak for hierarchical cache Hierarchy.
[2019.04.23-22.08.49:025][  0]LogDerivedDataCache: Using Local data cache path C:/Users/Aluno/AppData/Local/UnrealEngine/Common/DerivedDataCache: Writable
[2019.04.23-22.08.49:025][  0]LogDerivedDataCache: Shared data cache path not found in *engine.ini, will not use an Shared cache.
[2019.04.23-22.08.49:025][  0]LogDerivedDataCache: Unable to find inner node Shared for hierarchical cache Hierarchy.
[2019.04.23-22.08.49:054][  0]LogMaterial: Verifying Global Shaders for PCD3D_SM5
[2019.04.23-22.08.49:055][  0]LogSlate: Using FreeType 2.6.0
[2019.04.23-22.08.49:055][  0]LogSlate: SlateFontServices - WITH_FREETYPE: 1, WITH_HARFBUZZ: 1
[2019.04.23-22.08.49:148][  0]LogAssetRegistry: FAssetRegistry took 0.0348 seconds to start up
[2019.04.23-22.08.49:548][  0]LogInit: Selected Device Profile: [Windows]
[2019.04.23-22.08.49:702][  0]LogSimplygon: Simplygon DLL not present - disabling.
[2019.04.23-22.08.49:710][  0]LogMeshReduction: Using SimplygonSwarm for distributed automatic mesh merging
[2019.04.23-22.08.49:710][  0]LogMeshReduction: Using ProxyLODMeshReduction for automatic mesh merging
[2019.04.23-22.08.49:710][  0]LogMeshReduction: Using QuadricMeshReduction for automatic static mesh reduction
[2019.04.23-22.08.49:710][  0]LogMeshReduction: No automatic skeletal mesh reduction module available
[2019.04.23-22.08.49:829][  0]LogNetVersion: Shooter 1.0.0, NetCL: 4541578, EngineNetVer: 5, GameNetVer: 0 (Checksum: 2913040822)
[2019.04.23-22.08.51:479][  0]LogPackageLocalizationCache: Processed 11 localized package path(s) for 2 prioritized culture(s) in 1.155160 seconds
[2019.04.23-22.08.51:487][  0]LogUObjectArray: 39775 objects as part of root set at end of initial load.
[2019.04.23-22.08.51:487][  0]LogUObjectAllocator: 6914656 out of 0 bytes used by permanent object pool.
[2019.04.23-22.08.51:487][  0]LogUObjectArray: CloseDisregardForGC: 0/0 objects in disregard for GC pool
[2019.04.23-22.08.52:661][  0]LogTcpMessaging: Initializing TcpMessaging bridge
[2019.04.23-22.08.52:675][  0]LogUdpMessaging: Initializing bridge on interface 0.0.0.0:0 to multicast group 230.0.0.1:6666.
[2019.04.23-22.08.53:519][  0]SourceControl: Controle de origem desativado
[2019.04.23-22.08.53:519][  0]SourceControl: Controle de origem desativado
[2019.04.23-22.08.53:521][  0]SourceControl: Controle de origem desativado
[2019.04.23-22.08.53:522][  0]SourceControl: Controle de origem desativado
[2019.04.23-22.08.53:708][  0]LogAndroidPermission: UAndroidPermissionCallbackProxy::GetInstance
[2019.04.23-22.08.53:756][  0]LogOcInput: OculusInput pre-init called
[2019.04.23-22.08.53:908][  0]LogEngine: Initializing Engine...
[2019.04.23-22.08.53:909][  0]LogHMD: Failed to initialize OpenVR with code 110
[2019.04.23-22.08.53:910][  0]LogStats: UGameplayTagsManager::ConstructGameplayTagTree: ImportINI prefixes -  0.000 s
[2019.04.23-22.08.53:911][  0]LogStats: UGameplayTagsManager::ConstructGameplayTagTree: Construct from data asset -  0.000 s
[2019.04.23-22.08.53:911][  0]LogStats: UGameplayTagsManager::ConstructGameplayTagTree: ImportINI -  0.000 s
[2019.04.23-22.08.53:911][  0]LogStats: UGameplayTagsManager::ConstructGameplayTagTree: GameplayTagTreeChangedEvent.Broadcast -  0.000 s
[2019.04.23-22.08.54:164][  0]LogInit: Initializing FReadOnlyCVARCache
[2019.04.23-22.08.54:184][  0]LogAIModule: Creating AISystem for world Untitled
[2019.04.23-22.08.54:190][  0]LogInit: XAudio2 using 'Alto-falantes (Realtek High Definition Audio)' : 2 channels at 48 kHz using 32 bits per sample (channel mask 0x3)
[2019.04.23-22.08.54:234][  0]LogInit: FAudioDevice initialized.
[2019.04.23-22.08.54:235][  0]LogNetVersion: Set ProjectVersion to 1.0.0.0. Version Checksum will be recalculated on next use.
[2019.04.23-22.08.54:432][  0]LogDerivedDataCache: Saved boot cache 0.20s 86MB C:/Users/Aluno/AppData/Local/UnrealEngine/4.21/DerivedDataCache/Boot.ddc.
[2019.04.23-22.08.54:446][  0]LogInit: Texture streaming: Enabled
[2019.04.23-22.08.54:473][  0]LogEngineSessionManager: EngineSessionManager initialized
[2019.04.23-22.08.54:526][  0]LogInit: Transaction tracking system initialized
[2019.04.23-22.08.54:563][  0]BlueprintLog: New page: Carregar Editor
[2019.04.23-22.08.54:672][  0]LocalizationService: Localization service is disabled
[2019.04.23-22.08.56:364][  0]LogFileCache: Scanning file cache for directory 'F:/Shooter/Content/' took 0.69s
[2019.04.23-22.08.56:364][  0]LogCook: Display: Max memory allowance for cook 16384mb min free memory 0mb
[2019.04.23-22.08.56:364][  0]LogCook: Display: Mobile HDR setting 1
[2019.04.23-22.08.56:364][  0]LogGameplayTags: Display: UGameplayTagsManager::DoneAddingNativeTags. DelegateIsBound: 0
[2019.04.23-22.08.56:364][  0]LogStats: UGameplayTagsManager::ConstructGameplayTagTree: ImportINI prefixes -  0.000 s
[2019.04.23-22.08.56:364][  0]LogStats: UGameplayTagsManager::ConstructGameplayTagTree: Construct from data asset -  0.000 s
[2019.04.23-22.08.56:364][  0]LogStats: UGameplayTagsManager::ConstructGameplayTagTree: ImportINI -  0.000 s
[2019.04.23-22.08.56:364][  0]LogStats: UGameplayTagsManager::ConstructGameplayTagTree: GameplayTagTreeChangedEvent.Broadcast -  0.000 s
[2019.04.23-22.08.56:525][  0]SourceControl: Controle de origem desativado
[2019.04.23-22.08.56:526][  0]Cmd: MAP LOAD FILE="F:/Shooter/Content/Scenes/MP_Main.umap" TEMPLATE=0 SHOWPROGRESS=1 FEATURELEVEL=3
[2019.04.23-22.08.56:526][  0]LightingResults: New page: Compilação de Iluminação
[2019.04.23-22.08.56:530][  0]MapCheck: New page: Verificação de Mapa
[2019.04.23-22.08.56:530][  0]LightingResults: New page: Compilação de Iluminação
[2019.04.23-22.08.57:846][  0]LogMaterial: Display: Missing cached shader map for material MT_Black, compiling. 
[2019.04.23-22.08.57:997][  0]LogShaderCompilers: Display: Shaders left to compile 22
[2019.04.23-22.08.57:997][  0]LogShaderCompilers: Display: Shaders left to compile 12
[2019.04.23-22.08.57:997][  0]LogShaderCompilers: Display: Shaders left to compile 2
[2019.04.23-22.08.57:997][  0]LogStaticMesh: Criando malha estática SM_PlayerMesh...
[2019.04.23-22.08.58:147][  0]LogStaticMesh: Built static mesh [0.15s] /Game/Meshes/SM_PlayerMesh.SM_PlayerMesh
[2019.04.23-22.08.58:277][  0]LogMaterial: Display: Missing cached shader map for material MT_MaterialRed, compiling. 
[2019.04.23-22.08.58:292][  0]LogShaderCompilers: Display: Shaders left to compile 22
[2019.04.23-22.08.58:292][  0]LogShaderCompilers: Display: Shaders left to compile 12
[2019.04.23-22.08.58:292][  0]LogMaterial: Display: Missing cached shader map for material MT_Enemigo, compiling. 
[2019.04.23-22.08.58:312][  0]LogStaticMesh: Criando malha estática SM_Enemy...
[2019.04.23-22.08.58:366][  0]LogStaticMesh: Built static mesh [0.05s] /Game/Meshes/SM_Enemy.SM_Enemy
[2019.04.23-22.08.58:398][  0]LogMaterial: Display: Missing cached shader map for material MT_Blue, compiling. 
[2019.04.23-22.08.58:417][  0]LogAIModule: Creating AISystem for world MP_Main
[2019.04.23-22.08.58:436][  0]LogEditorServer: Finished looking for orphan Actors (0.000 secs)
[2019.04.23-22.08.58:463][  0]Cmd: MAP CHECKDEP NOCLEARLOG
[2019.04.23-22.08.58:464][  0]MapCheck: Map check complete: 0 Error(s), 0 Warning(s), took 0,144ms to complete.
[2019.04.23-22.08.58:464][  0]LogFileHelpers: Loading map 'MP_Main' took 1.938
[2019.04.23-22.08.59:186][  0]LogSlate: Updating window title bar state: overlay mode, drag disabled, window buttons hidden, title bar hidden
[2019.04.23-22.08.59:199][  0]LogSlate: Updating window title bar state: overlay mode, drag disabled, window buttons hidden, title bar hidden
[2019.04.23-22.08.59:210][  0]LogSlate: Updating window title bar state: overlay mode, drag disabled, window buttons hidden, title bar hidden
[2019.04.23-22.08.59:221][  0]LogSlate: Updating window title bar state: overlay mode, drag disabled, window buttons hidden, title bar hidden
[2019.04.23-22.08.59:590][  0]LogCollectionManager: Loaded 0 collections in 0.197384 seconds
[2019.04.23-22.08.59:857][  0]LogFileCache: Scanning file cache for directory 'F:/Shooter/Saved/Collections/' took 0.01s
[2019.04.23-22.08.59:857][  0]LogFileCache: Scanning file cache for directory 'F:/Shooter/Content/Developers/Aluno/Collections/' took 0.00s
[2019.04.23-22.08.59:857][  0]LogFileCache: Scanning file cache for directory 'F:/Shooter/Content/Collections/' took 0.00s
[2019.04.23-22.08.59:857][  0]LogCollectionManager: Rebuilt the GUID cache for 0 collections in 0.000000 seconds
[2019.04.23-22.08.59:888][  0]LogContentBrowser: Native class hierarchy populated in 0.0255 seconds. Added 2651 classes and 620 folders.
[2019.04.23-22.09.00:006][  0]LogContentBrowser: Native class hierarchy updated for 'WidgetCarousel' in 0.0004 seconds. Added 0 classes and 0 folders.
[2019.04.23-22.09.00:109][  0]LogPakFile: Registered encryption key '00000000000000000000000000000000': 0 pak files mounted, 0 remain pending
[2019.04.23-22.09.00:184][  0]LogPakFile: Registered encryption key '00000000000000000000000000000000': 0 pak files mounted, 0 remain pending
[2019.04.23-22.09.00:250][  0]LogPakFile: Registered encryption key '00000000000000000000000000000000': 0 pak files mounted, 0 remain pending
[2019.04.23-22.09.00:289][  0]LogPakFile: Registered encryption key '00000000000000000000000000000000': 0 pak files mounted, 0 remain pending
[2019.04.23-22.09.00:307][  0]LogPakFile: Registered encryption key '00000000000000000000000000000000': 0 pak files mounted, 0 remain pending
[2019.04.23-22.09.00:329][  0]LogPakFile: Registered encryption key '00000000000000000000000000000000': 0 pak files mounted, 0 remain pending
[2019.04.23-22.09.00:347][  0]LogPakFile: Registered encryption key '00000000000000000000000000000000': 0 pak files mounted, 0 remain pending
[2019.04.23-22.09.00:387][  0]LogPakFile: Registered encryption key '00000000000000000000000000000000': 0 pak files mounted, 0 remain pending
[2019.04.23-22.09.00:403][  0]LogPakFile: Registered encryption key '00000000000000000000000000000000': 0 pak files mounted, 0 remain pending
[2019.04.23-22.09.00:472][  0]LogPakFile: Registered encryption key '00000000000000000000000000000000': 0 pak files mounted, 0 remain pending
[2019.04.23-22.09.00:503][  0]LogPakFile: Registered encryption key '00000000000000000000000000000000': 0 pak files mounted, 0 remain pending
[2019.04.23-22.09.00:536][  0]LogPakFile: Registered encryption key '00000000000000000000000000000000': 0 pak files mounted, 0 remain pending
[2019.04.23-22.09.00:565][  0]LogPakFile: Registered encryption key '00000000000000000000000000000000': 0 pak files mounted, 0 remain pending
[2019.04.23-22.09.00:576][  0]LogPakFile: Registered encryption key '00000000000000000000000000000000': 0 pak files mounted, 0 remain pending
[2019.04.23-22.09.00:604][  0]LogPakFile: Registered encryption key '00000000000000000000000000000000': 0 pak files mounted, 0 remain pending
[2019.04.23-22.09.00:619][  0]LogPakFile: Registered encryption key '00000000000000000000000000000000': 0 pak files mounted, 0 remain pending
[2019.04.23-22.09.00:683][  0]LogPakFile: Registered encryption key '00000000000000000000000000000000': 0 pak files mounted, 0 remain pending
[2019.04.23-22.09.00:750][  0]LogPakFile: Registered encryption key '00000000000000000000000000000000': 0 pak files mounted, 0 remain pending
[2019.04.23-22.09.00:790][  0]LogPakFile: Registered encryption key '00000000000000000000000000000000': 0 pak files mounted, 0 remain pending
[2019.04.23-22.09.00:845][  0]LogShaderCompilers: Display: Shaders left to compile 46
[2019.04.23-22.09.00:845][  0]LogPakFile: Registered encryption key '00000000000000000000000000000000': 0 pak files mounted, 0 remain pending
[2019.04.23-22.09.00:906][  0]LogPakFile: Registered encryption key '00000000000000000000000000000000': 0 pak files mounted, 0 remain pending
[2019.04.23-22.09.00:925][  0]LogPakFile: Registered encryption key '00000000000000000000000000000000': 0 pak files mounted, 0 remain pending
[2019.04.23-22.09.00:994][  0]LogPakFile: Registered encryption key '00000000000000000000000000000000': 0 pak files mounted, 0 remain pending
[2019.04.23-22.09.01:038][  0]LogPakFile: Registered encryption key '00000000000000000000000000000000': 0 pak files mounted, 0 remain pending
[2019.04.23-22.09.01:051][  0]LogPakFile: Registered encryption key '00000000000000000000000000000000': 0 pak files mounted, 0 remain pending
[2019.04.23-22.09.01:069][  0]LogPakFile: Registered encryption key '00000000000000000000000000000000': 0 pak files mounted, 0 remain pending
[2019.04.23-22.09.02:708][  0]LogShaderCompilers: Display: Shaders left to compile 36
[2019.04.23-22.09.02:708][  0]LogShaderCompilers: Display: Shaders left to compile 26
[2019.04.23-22.09.02:708][  0]LogShaderCompilers: Display: Shaders left to compile 16
[2019.04.23-22.09.02:708][  0]LogContentBrowser: Native class hierarchy updated for 'AddContentDialog' in 0.0004 seconds. Added 0 classes and 0 folders.
[2019.04.23-22.09.02:785][  0]LogContentBrowser: Native class hierarchy updated for 'SceneOutliner' in 0.0005 seconds. Added 1 classes and 2 folders.
[2019.04.23-22.09.03:590][  0]LogSlate: Took 0.000204 seconds to synchronously load lazily loaded font '../../../Engine/Content/Slate/Fonts/Roboto-Regular.ttf' (155K)
[2019.04.23-22.09.03:593][  0]LogSlate: Took 0.000243 seconds to synchronously load lazily loaded font '../../../Engine/Content/Slate/Fonts/Roboto-Bold.ttf' (160K)
[2019.04.23-22.09.03:695][  0]LogSlate: Took 0.061350 seconds to synchronously load lazily loaded font '../../../Engine/Content/Editor/Slate/Fonts/FontAwesome.ttf' (139K)
[2019.04.23-22.09.04:085][  0]LogShaderCompilers: Display: Shaders left to compile 6
[2019.04.23-22.09.04:085][  0]LogRenderer: Reallocating scene render targets to support 856x372 Format 10 NumSamples 1 (Frame:1).
[2019.04.23-22.09.05:065][  0]LogSlate: FSceneViewport::OnFocusLost() reason 2
[2019.04.23-22.09.05:131][  0]LogSlate: Window 'Tutoriais' being destroyed
[2019.04.23-22.09.05:167][  0]LogContentBrowser: Native class hierarchy updated for 'HierarchicalLODOutliner' in 0.0004 seconds. Added 0 classes and 0 folders.
[2019.04.23-22.09.05:167][  0]LogLoad: (Engine Initialization) Total time: 25.12 seconds
[2019.04.23-22.09.05:167][  0]LogLoad: (Engine Initialization) Total Blueprint compile time: 0.00 seconds
[2019.04.23-22.09.05:184][  0]LoadErrors: Error: /Game/Blueprints/BP_Player : Failed import for ObjectProperty /Game/Blueprints/WB_Hud.WB_Hud_C:txtLife Referenced by export Function /Game/Blueprints/BP_Player.BP_Player_C:ExecuteUbergraph_BP_Player
[2019.04.23-22.09.05:184][  0]LoadErrors: Error: /Game/Blueprints/BP_Player : Failed import for ObjectProperty /Game/Blueprints/WB_Hud.WB_Hud_C:txtScore Referenced by export Function /Game/Blueprints/BP_Player.BP_Player_C:ExecuteUbergraph_BP_Player
[2019.04.23-22.09.05:281][  0]LogContentStreaming: Texture pool size now 1000 MB
[2019.04.23-22.09.05:283][  0]LogSlate: FSceneViewport::OnFocusLost() reason 2
[2019.04.23-22.09.05:387][  0]LogSlate: Took 0.018968 seconds to synchronously load lazily loaded font '../../../Engine/Content/Slate/Fonts/Roboto-Light.ttf' (167K)
[2019.04.23-22.09.07:391][  3]LogAssetRegistry: Asset discovery search completed in 18.2652 seconds
[2019.04.23-22.09.07:393][  3]LogCollectionManager: Rebuilt the object cache for 0 collections in 0.000000 seconds (found 0 objects)
[2019.04.23-22.09.07:394][  3]LogCollectionManager: Fixed up redirectors for 0 collections in 0.000072 seconds (updated 0 objects)
[2019.04.23-22.09.07:404][  3]LogSlate: Took 0.000344 seconds to synchronously load lazily loaded font '../../../Engine/Content/Slate/Fonts/Roboto-Light.ttf' (167K)
[2019.04.23-22.10.09:462][189]LogHttp: Warning: 000002C3803D3240: request failed, libcurl error: 35 (SSL connect error)
[2019.04.23-22.10.09:462][189]LogHttp: Warning: 000002C3803D3240: libcurl info message cache 0 (  Trying 18.214.253.233...)
[2019.04.23-22.10.09:462][189]LogHttp: Warning: 000002C3803D3240: libcurl info message cache 1 (TCP_NODELAY set)
[2019.04.23-22.10.09:462][189]LogHttp: Warning: 000002C3803D3240: libcurl info message cache 2 (Connected to datarouter.ol.epicgames.com (18.214.253.233) port 443 (#0))
[2019.04.23-22.10.09:462][189]LogHttp: Warning: 000002C3803D3240: libcurl info message cache 3 (ALPN, offering http/1.1)
[2019.04.23-22.10.09:462][189]LogHttp: Warning: 000002C3803D3240: libcurl info message cache 4 (Cipher selection: ALL:!EXPORT:!EXPORT40:!EXPORT56:!aNULL:!LOW:!RC4:@STRENGTH)
[2019.04.23-22.10.09:462][189]LogHttp: Warning: 000002C3803D3240: libcurl info message cache 5 (TLSv1.2 (OUT), TLS header, Certificate Status (22):)
[2019.04.23-22.10.09:462][189]LogHttp: Warning: 000002C3803D3240: libcurl info message cache 6 (TLSv1.2 (OUT), TLS handshake, Client hello (1):)
[2019.04.23-22.10.09:462][189]LogHttp: Warning: 000002C3803D3240: libcurl info message cache 7 (OpenSSL SSL_connect: SSL_ERROR_SYSCALL in connection to datarouter.ol.epicgames.com:443 )
[2019.04.23-22.10.09:462][189]LogHttp: Warning: 000002C3803D3240: libcurl info message cache 8 (Closing connection 0)
[2019.04.23-22.10.09:798][190]LogHttp: Warning: Retry exhausted on https://datarouter.ol.epicgames.com/datarouter/api/v1/public/data?SessionID=%7B51BF503B-4817-97AB-603A-B39316D74697%7D&AppID=UEEditor.Rocket.Release&AppVersion=4.21.2-4753647%2B%2B%2BUE4%2BRelease-4.21&UserID=d62ebf94407791726bedc4b57c740868%7C9ea49788bd3c4e799bd2a539fb01c13a%7C09d33773-f518-4846-92df-784c387024ce&AppEnvironment=datacollector-binary&UploadType=eteventstream
[2019.04.23-22.12.10:023][569]LogHttp: Warning: 000002C3802A2AC0: request failed, libcurl error: 35 (SSL connect error)
[2019.04.23-22.12.10:023][569]LogHttp: Warning: 000002C3802A2AC0: libcurl info message cache 0 (Hostname in DNS cache was stale, zapped)
[2019.04.23-22.12.10:023][569]LogHttp: Warning: 000002C3802A2AC0: libcurl info message cache 1 (  Trying 18.235.61.121...)
[2019.04.23-22.12.10:023][569]LogHttp: Warning: 000002C3802A2AC0: libcurl info message cache 2 (TCP_NODELAY set)
[2019.04.23-22.12.10:023][569]LogHttp: Warning: 000002C3802A2AC0: libcurl info message cache 3 (Connected to datarouter.ol.epicgames.com (18.235.61.121) port 443 (#1))
[2019.04.23-22.12.10:023][569]LogHttp: Warning: 000002C3802A2AC0: libcurl info message cache 4 (ALPN, offering http/1.1)
[2019.04.23-22.12.10:024][569]LogHttp: Warning: 000002C3802A2AC0: libcurl info message cache 5 (Cipher selection: ALL:!EXPORT:!EXPORT40:!EXPORT56:!aNULL:!LOW:!RC4:@STRENGTH)
[2019.04.23-22.12.10:024][569]LogHttp: Warning: 000002C3802A2AC0: libcurl info message cache 6 (TLSv1.2 (OUT), TLS header, Certificate Status (22):)
[2019.04.23-22.12.10:024][569]LogHttp: Warning: 000002C3802A2AC0: libcurl info message cache 7 (TLSv1.2 (OUT), TLS handshake, Client hello (1):)
[2019.04.23-22.12.10:024][569]LogHttp: Warning: 000002C3802A2AC0: libcurl info message cache 8 (OpenSSL SSL_connect: SSL_ERROR_SYSCALL in connection to datarouter.ol.epicgames.com:443 )
[2019.04.23-22.12.10:024][569]LogHttp: Warning: 000002C3802A2AC0: libcurl info message cache 9 (Closing connection 1)
[2019.04.23-22.12.10:049][570]LogHttp: Warning: Retry exhausted on https://datarouter.ol.epicgames.com/datarouter/api/v1/public/data?SessionID=%7B51BF503B-4817-97AB-603A-B39316D74697%7D&AppID=UEEditor.Rocket.Release&AppVersion=4.21.2-4753647%2B%2B%2BUE4%2BRelease-4.21&UserID=d62ebf94407791726bedc4b57c740868%7C9ea49788bd3c4e799bd2a539fb01c13a%7C09d33773-f518-4846-92df-784c387024ce&AppEnvironment=datacollector-binary&UploadType=eteventstream
[2019.04.23-22.12.38:627][202]LogSlate: FSceneViewport::OnFocusLost() reason 0
[2019.04.23-22.12.38:976][209]LogAssetEditorManager: Opening Asset editor for Blueprint /Game/Blueprints/BP_Player.BP_Player
[2019.04.23-22.12.39:663][209]LogContentBrowser: Native class hierarchy updated for 'BlueprintGraph' in 0.0008 seconds. Added 117 classes and 0 folders.
[2019.04.23-22.12.42:180][209]LogAssetEditorManager: Opening Asset editor for Blueprint /Game/Blueprints/BP_Enemy.BP_Enemy
[2019.04.23-22.12.43:245][209]LogAssetEditorManager: Opening Asset editor for Blueprint /Game/Blueprints/BP_EnemyController.BP_EnemyController
[2019.04.23-22.12.44:404][209]LogAssetEditorManager: Opening Asset editor for WidgetBlueprint /Game/Blueprints/WB_Hud.WB_Hud
[2019.04.23-22.12.45:477][209]LogAssetEditorManager: Opening Asset editor for Blueprint /Game/Blueprints/GS_JogoPontuacao.GS_JogoPontuacao
[2019.04.23-22.12.46:697][209]LogSlate: Took 0.013512 seconds to synchronously load lazily loaded font '../../../Engine/Content/Slate/Fonts/Roboto-BoldCondensed.ttf' (158K)
[2019.04.23-22.12.47:078][210]LogSlate: Took 0.013241 seconds to synchronously load lazily loaded font '../../../Engine/Content/Slate/Fonts/Roboto-Italic.ttf' (157K)
[2019.04.23-22.14.10:591][472]LogHttp: Warning: 000002C3FC060400: request failed, libcurl error: 35 (SSL connect error)
[2019.04.23-22.14.10:591][472]LogHttp: Warning: 000002C3FC060400: libcurl info message cache 0 (Hostname in DNS cache was stale, zapped)
[2019.04.23-22.14.10:591][472]LogHttp: Warning: 000002C3FC060400: libcurl info message cache 1 (  Trying 34.235.3.78...)
[2019.04.23-22.14.10:591][472]LogHttp: Warning: 000002C3FC060400: libcurl info message cache 2 (TCP_NODELAY set)
[2019.04.23-22.14.10:591][472]LogHttp: Warning: 000002C3FC060400: libcurl info message cache 3 (Connected to datarouter.ol.epicgames.com (34.235.3.78) port 443 (#2))
[2019.04.23-22.14.10:591][472]LogHttp: Warning: 000002C3FC060400: libcurl info message cache 4 (ALPN, offering http/1.1)
[2019.04.23-22.14.10:591][472]LogHttp: Warning: 000002C3FC060400: libcurl info message cache 5 (Cipher selection: ALL:!EXPORT:!EXPORT40:!EXPORT56:!aNULL:!LOW:!RC4:@STRENGTH)
[2019.04.23-22.14.10:591][472]LogHttp: Warning: 000002C3FC060400: libcurl info message cache 6 (TLSv1.2 (OUT), TLS header, Certificate Status (22):)
[2019.04.23-22.14.10:591][472]LogHttp: Warning: 000002C3FC060400: libcurl info message cache 7 (TLSv1.2 (OUT), TLS handshake, Client hello (1):)
[2019.04.23-22.14.10:591][472]LogHttp: Warning: 000002C3FC060400: libcurl info message cache 8 (OpenSSL SSL_connect: SSL_ERROR_SYSCALL in connection to datarouter.ol.epicgames.com:443 )
[2019.04.23-22.14.10:591][472]LogHttp: Warning: 000002C3FC060400: libcurl info message cache 9 (Closing connection 2)
[2019.04.23-22.14.10:591][472]LogHttp: Warning: Retry exhausted on https://datarouter.ol.epicgames.com/datarouter/api/v1/public/data?SessionID=%7B51BF503B-4817-97AB-603A-B39316D74697%7D&AppID=UEEditor.Rocket.Release&AppVersion=4.21.2-4753647%2B%2B%2BUE4%2BRelease-4.21&UserID=d62ebf94407791726bedc4b57c740868%7C9ea49788bd3c4e799bd2a539fb01c13a%7C09d33773-f518-4846-92df-784c387024ce&AppEnvironment=datacollector-binary&UploadType=eteventstream
[2019.04.23-22.16.11:064][832]LogHttp: Warning: 000002C40200D800: request failed, libcurl error: 35 (SSL connect error)
[2019.04.23-22.16.11:064][832]LogHttp: Warning: 000002C40200D800: libcurl info message cache 0 (Hostname in DNS cache was stale, zapped)
[2019.04.23-22.16.11:064][832]LogHttp: Warning: 000002C40200D800: libcurl info message cache 1 (  Trying 54.226.43.72...)
[2019.04.23-22.16.11:064][832]LogHttp: Warning: 000002C40200D800: libcurl info message cache 2 (TCP_NODELAY set)
[2019.04.23-22.16.11:064][832]LogHttp: Warning: 000002C40200D800: libcurl info message cache 3 (Connected to datarouter.ol.epicgames.com (54.226.43.72) port 443 (#3))
[2019.04.23-22.16.11:064][832]LogHttp: Warning: 000002C40200D800: libcurl info message cache 4 (ALPN, offering http/1.1)
[2019.04.23-22.16.11:064][832]LogHttp: Warning: 000002C40200D800: libcurl info message cache 5 (Cipher selection: ALL:!EXPORT:!EXPORT40:!EXPORT56:!aNULL:!LOW:!RC4:@STRENGTH)
[2019.04.23-22.16.11:064][832]LogHttp: Warning: 000002C40200D800: libcurl info message cache 6 (TLSv1.2 (OUT), TLS header, Certificate Status (22):)
[2019.04.23-22.16.11:064][832]LogHttp: Warning: 000002C40200D800: libcurl info message cache 7 (TLSv1.2 (OUT), TLS handshake, Client hello (1):)
[2019.04.23-22.16.11:064][832]LogHttp: Warning: 000002C40200D800: libcurl info message cache 8 (OpenSSL SSL_connect: SSL_ERROR_SYSCALL in connection to datarouter.ol.epicgames.com:443 )
[2019.04.23-22.16.11:064][832]LogHttp: Warning: 000002C40200D800: libcurl info message cache 9 (Closing connection 3)
[2019.04.23-22.16.11:064][832]LogHttp: Warning: Retry exhausted on https://datarouter.ol.epicgames.com/datarouter/api/v1/public/data?SessionID=%7B51BF503B-4817-97AB-603A-B39316D74697%7D&AppID=UEEditor.Rocket.Release&AppVersion=4.21.2-4753647%2B%2B%2BUE4%2BRelease-4.21&UserID=d62ebf94407791726bedc4b57c740868%7C9ea49788bd3c4e799bd2a539fb01c13a%7C09d33773-f518-4846-92df-784c387024ce&AppEnvironment=datacollector-binary&UploadType=eteventstream
